<?xml version="1.0" encoding="UTF-8" standalone="no"?>
<testsuite errors="0" failures="1" name="io.cucumber.core.plugin.JUnitFormatter" skipped="0" tests="1" time="30.286">
    <testcase classname="Unknown" name="Navigate Back to Marriott home page default ." time="29.915">
        <failure message="no such element: Unable to locate element: {&quot;method&quot;:&quot;css selector&quot;,&quot;selector&quot;:&quot;body.t-bg-white:nth-child(30) div.page-container:nth-child(2) header.m-header div.l-header-outer-wrapper.l-print-hide div.m-header-container.t-bg-standard-20.t-border-header.mi-header div.l-header-inner-wrapper.l-m-container-fullbleed div.l-logo.l-display-inline-block.l-float-left.l-pos-relative.l-l-margin-right.l-overflow-hidden div:nth-child(1) div.tile-program-logo:nth-child(2) &gt; a.t-no-hover-link.logo-icon.l-center-align.t-program-logo&quot;}&#10;  (Session info: chrome=86.0.4240.198)&#10;For documentation on this error, please visit: https://www.seleniumhq.org/exceptions/no_such_element.html&#10;Build info: version: '3.141.59', revision: 'e82be7d358', time: '2018-11-14T08:17:03'&#10;System info: host: 'LAPTOP-8DAJPHUM', ip: '192.168.0.4', os.name: 'Windows 10', os.arch: 'amd64', os.version: '10.0', java.version: '14.0.2'&#10;Driver info: org.openqa.selenium.chrome.ChromeDriver&#10;Capabilities {acceptInsecureCerts: false, browserName: chrome, browserVersion: 86.0.4240.198, chrome: {chromedriverVersion: 86.0.4240.22 (398b0743353ff..., userDataDir: C:\Users\alaed\AppData\Loca...}, goog:chromeOptions: {debuggerAddress: localhost:63309}, javascriptEnabled: true, networkConnectionEnabled: false, pageLoadStrategy: normal, platform: WINDOWS, platformName: WINDOWS, proxy: Proxy(), setWindowRect: true, strictFileInteractability: false, timeouts: {implicit: 0, pageLoad: 300000, script: 30000}, unhandledPromptBehavior: dismiss and notify, webauthn:virtualAuthenticators: true}&#10;Session ID: fa1e56c3b9f3e5bb6c5b17e1c715acdf&#10;*** Element info: {Using=css selector, value=body.t-bg-white:nth-child(30) div.page-container:nth-child(2) header.m-header div.l-header-outer-wrapper.l-print-hide div.m-header-container.t-bg-standard-20.t-border-header.mi-header div.l-header-inner-wrapper.l-m-container-fullbleed div.l-logo.l-display-inline-block.l-float-left.l-pos-relative.l-l-margin-right.l-overflow-hidden div:nth-child(1) div.tile-program-logo:nth-child(2) &gt; a.t-no-hover-link.logo-icon.l-center-align.t-program-logo}" type="org.openqa.selenium.NoSuchElementException"><![CDATA[Given I am on the marriott home page........................................passed
And I click on Marriott BONVoY Logo.........................................failed
Then I verify the table shows up and be able to use it......................skipped

StackTrace:
org.openqa.selenium.NoSuchElementException: no such element: Unable to locate element: {"method":"css selector","selector":"body.t-bg-white:nth-child(30) div.page-container:nth-child(2) header.m-header div.l-header-outer-wrapper.l-print-hide div.m-header-container.t-bg-standard-20.t-border-header.mi-header div.l-header-inner-wrapper.l-m-container-fullbleed div.l-logo.l-display-inline-block.l-float-left.l-pos-relative.l-l-margin-right.l-overflow-hidden div:nth-child(1) div.tile-program-logo:nth-child(2) > a.t-no-hover-link.logo-icon.l-center-align.t-program-logo"}
  (Session info: chrome=86.0.4240.198)
For documentation on this error, please visit: https://www.seleniumhq.org/exceptions/no_such_element.html
Build info: version: '3.141.59', revision: 'e82be7d358', time: '2018-11-14T08:17:03'
System info: host: 'LAPTOP-8DAJPHUM', ip: '192.168.0.4', os.name: 'Windows 10', os.arch: 'amd64', os.version: '10.0', java.version: '14.0.2'
Driver info: org.openqa.selenium.chrome.ChromeDriver
Capabilities {acceptInsecureCerts: false, browserName: chrome, browserVersion: 86.0.4240.198, chrome: {chromedriverVersion: 86.0.4240.22 (398b0743353ff..., userDataDir: C:\Users\alaed\AppData\Loca...}, goog:chromeOptions: {debuggerAddress: localhost:63309}, javascriptEnabled: true, networkConnectionEnabled: false, pageLoadStrategy: normal, platform: WINDOWS, platformName: WINDOWS, proxy: Proxy(), setWindowRect: true, strictFileInteractability: false, timeouts: {implicit: 0, pageLoad: 300000, script: 30000}, unhandledPromptBehavior: dismiss and notify, webauthn:virtualAuthenticators: true}
Session ID: fa1e56c3b9f3e5bb6c5b17e1c715acdf
*** Element info: {Using=css selector, value=body.t-bg-white:nth-child(30) div.page-container:nth-child(2) header.m-header div.l-header-outer-wrapper.l-print-hide div.m-header-container.t-bg-standard-20.t-border-header.mi-header div.l-header-inner-wrapper.l-m-container-fullbleed div.l-logo.l-display-inline-block.l-float-left.l-pos-relative.l-l-margin-right.l-overflow-hidden div:nth-child(1) div.tile-program-logo:nth-child(2) > a.t-no-hover-link.logo-icon.l-center-align.t-program-logo}
	at java.base/jdk.internal.reflect.NativeConstructorAccessorImpl.newInstance0(Native Method)
	at java.base/jdk.internal.reflect.NativeConstructorAccessorImpl.newInstance(NativeConstructorAccessorImpl.java:62)
	at java.base/jdk.internal.reflect.DelegatingConstructorAccessorImpl.newInstance(DelegatingConstructorAccessorImpl.java:45)
	at java.base/java.lang.reflect.Constructor.newInstanceWithCaller(Constructor.java:500)
	at java.base/java.lang.reflect.Constructor.newInstance(Constructor.java:481)
	at org.openqa.selenium.remote.http.W3CHttpResponseCodec.createException(W3CHttpResponseCodec.java:187)
	at org.openqa.selenium.remote.http.W3CHttpResponseCodec.decode(W3CHttpResponseCodec.java:122)
	at org.openqa.selenium.remote.http.W3CHttpResponseCodec.decode(W3CHttpResponseCodec.java:49)
	at org.openqa.selenium.remote.HttpCommandExecutor.execute(HttpCommandExecutor.java:158)
	at org.openqa.selenium.remote.service.DriverCommandExecutor.execute(DriverCommandExecutor.java:83)
	at org.openqa.selenium.remote.RemoteWebDriver.execute(RemoteWebDriver.java:552)
	at org.openqa.selenium.remote.RemoteWebDriver.findElement(RemoteWebDriver.java:323)
	at org.openqa.selenium.remote.RemoteWebDriver.findElementByCssSelector(RemoteWebDriver.java:420)
	at org.openqa.selenium.By$ByCssSelector.findElement(By.java:431)
	at org.openqa.selenium.remote.RemoteWebDriver.findElement(RemoteWebDriver.java:315)
	at org.openqa.selenium.support.pagefactory.DefaultElementLocator.findElement(DefaultElementLocator.java:69)
	at org.openqa.selenium.support.pagefactory.internal.LocatingElementHandler.invoke(LocatingElementHandler.java:38)
	at com.sun.proxy.$Proxy24.click(Unknown Source)
	at home.HomePage.clickOnMarriottBONVoYLogo(HomePage.java:60)
	at stepDefinitions.HomePageStepDefinitions.iClickOnMarriottBONVoYLogo(HomePageStepDefinitions.java:78)
	at âœ½.I click on Marriott BONVoY Logo(file:///C:/Users/alaed/IdeaProjects/BDDWebAutomation_Team2/Marriot/src/test/java/features/homepage_functionalities.feature:18)
]]></failure>
    </testcase>
</testsuite>
